<?xml version="1.0" encoding="UTF-8"?>
<!-- Generated by org.testng.reporters.JUnitReportReporter -->
<testsuite skipped="0" hostname="DESKTOP-RCI0U7A" name="data.hrm.employee.Level_19_Fake_Data" tests="12" failures="0" timestamp="15 Aug 2021 11:08:46 GMT" time="27.148" errors="0">
  <testcase name="Employee_06_Assigned_Dependents" time="0.000" classname="data.hrm.employee.Level_19_Fake_Data"/>
  <testcase name="Employee_04_Contact_Details" time="3.816" classname="data.hrm.employee.Level_19_Fake_Data"/>
  <testcase name="Employee_09_Assigned_Dependents" time="0.000" classname="data.hrm.employee.Level_19_Fake_Data"/>
  <testcase name="Employee_07_Assigned_Dependents" time="0.001" classname="data.hrm.employee.Level_19_Fake_Data"/>
  <testcase name="Employee_05_Emergency_Contact" time="0.000" classname="data.hrm.employee.Level_19_Fake_Data"/>
  <testcase name="Employee_03_Personal_Details" time="4.005" classname="data.hrm.employee.Level_19_Fake_Data"/>
  <testcase name="Employee_10_Qualifications" time="0.000" classname="data.hrm.employee.Level_19_Fake_Data"/>
  <testcase name="Employee_02_Upload_Avatar" time="5.483" classname="data.hrm.employee.Level_19_Fake_Data"/>
  <testcase name="Employee_11_Search_Employees" time="0.000" classname="data.hrm.employee.Level_19_Fake_Data"/>
  <testcase name="Employee_01_Add_New_Employee" time="13.843" classname="data.hrm.employee.Level_19_Fake_Data"/>
  <testcase name="Employee_08_View_Salary" time="0.000" classname="data.hrm.employee.Level_19_Fake_Data"/>
  <testcase name="Employee_09_View_Tax" time="0.000" classname="data.hrm.employee.Level_19_Fake_Data"/>
</testsuite> <!-- data.hrm.employee.Level_19_Fake_Data -->
